<?xml version="1.0" encoding="UTF-8"?>
<testsuite xmlns:xsi="http://www.w3.org/2001/XMLSchema-instance" xsi:noNamespaceSchemaLocation="https://maven.apache.org/surefire/maven-surefire-plugin/xsd/surefire-test-report.xsd" name="com.example.demo.service.ProductServiceTest" time="1.684" tests="7" errors="0" skipped="0" failures="2">
  <properties>
[...]
</properties>
  <testcase name="createWhithDataIntegrityViolationShouldThrowException" classname="com.example.demo.service.ProductServiceTest" time="0.261"/>
  <testcase name="createWithSQLExceptionShouldThrowException" classname="com.example.demo.service.ProductServiceTest" time="0.082"/>
  <testcase name="updateWhithValidProductIdShouldUpdate" classname="com.example.demo.service.ProductServiceTest" time="0.104"/>
  <testcase name="findByIdWithValidIdShouldReturnDTO" classname="com.example.demo.service.ProductServiceTest" time="0.054"/>
  <testcase name="findByIdWithInvalidIdShouldThrowException" classname="com.example.demo.service.ProductServiceTest" time="0.027">
    <failure message="&#10;Expecting:&#10; &lt;&quot;Could not find product: 1&quot;&gt;&#10;to be equal to:&#10; &lt;&quot;Could not find Product: 1&quot;&gt;&#10;but was not." type="org.opentest4j.AssertionFailedError"><![CDATA[org.opentest4j.AssertionFailedError: 

Expecting:
 <"Could not find product: 1">
to be equal to:
 <"Could not find Product: 1">
but was not.
	at com.example.demo.service.ProductServiceTest.findByIdWithInvalidIdShouldThrowException(ProductServiceTest.java:136)
]]></failure>
  </testcase>
  <testcase name="updateWhithInvalidProductIdShouldThrowException" classname="com.example.demo.service.ProductServiceTest" time="0.003">
    <failure message="&#10;Expecting:&#10; &lt;&quot;Could not find product: 1&quot;&gt;&#10;to be equal to:&#10; &lt;&quot;Could not find Product: 1&quot;&gt;&#10;but was not." type="org.opentest4j.AssertionFailedError"><![CDATA[org.opentest4j.AssertionFailedError: 

Expecting:
 <"Could not find product: 1">
to be equal to:
 <"Could not find Product: 1">
but was not.
	at com.example.demo.service.ProductServiceTest.updateWhithInvalidProductIdShouldThrowException(ProductServiceTest.java:60)
]]></failure>
  </testcase>
  <testcase name="createWhithProductExistsShouldThrowException" classname="com.example.demo.service.ProductServiceTest" time="0.003"/>
</testsuite>